<?xml version="1.0" encoding="UTF-8"?>
<!-- Generated by org.testng.reporters.JUnitXMLReporter -->
<testsuite hostname="MAVLT1082" ignored="0" name="Complete test run" tests="5" failures="1" timestamp="2021-10-24T20:59:58 IST" time="113.991" errors="0">
  <testcase name="runScenario" time="29.731" classname="io.cucumber.testng.AbstractTestNGCucumberTests"/>
  <testcase name="runScenario" time="19.179" classname="io.cucumber.testng.AbstractTestNGCucumberTests"/>
  <testcase name="runScenario" time="21.13" classname="io.cucumber.testng.AbstractTestNGCucumberTests"/>
  <testcase name="runScenario" time="21.997" classname="io.cucumber.testng.AbstractTestNGCucumberTests">
    <failure type="Exception.differenceException" message="The difference in temperature is 1.3500000000000014 which is higher than permissible limit mentioned 1 temperature from accuWeather is 21.0temperature from API is 22.35">
      <![CDATA[Exception.differenceException: The difference in temperature is 1.3500000000000014 which is higher than permissible limit mentioned 1 temperature from accuWeather is 21.0temperature from API is 22.35
at steps.accuWeatherTest.checkDifference(accuWeatherTest.java:66)
at ✽.check if the difference in temperature is less than "1"(file:///Users/arunganesha/testvagrant/src/test/java/features/accuWeatherTest.feature:8)
]]>
    </failure>
  </testcase> <!-- runScenario -->
  <testcase name="runScenario" time="20.84" classname="io.cucumber.testng.AbstractTestNGCucumberTests"/>
</testsuite> <!-- Complete test run -->
