<?xml version="1.0" encoding="UTF-8"?>
<!-- Generated by org.testng.reporters.JUnitXMLReporter -->
<testsuite hostname="MAVLT1082" ignored="0" name="Complete test run" tests="5" failures="0" timestamp="2021-10-24T17:52:51 IST" time="76.55" errors="0">
  <testcase name="runScenario" time="20.525" classname="io.cucumber.testng.AbstractTestNGCucumberTests"/>
  <testcase name="runScenario" time="13.861" classname="io.cucumber.testng.AbstractTestNGCucumberTests"/>
  <testcase name="runScenario" time="14.533" classname="io.cucumber.testng.AbstractTestNGCucumberTests"/>
  <testcase name="runScenario" time="12.581" classname="io.cucumber.testng.AbstractTestNGCucumberTests"/>
  <testcase name="runScenario" time="14.138" classname="io.cucumber.testng.AbstractTestNGCucumberTests"/>
</testsuite> <!-- Complete test run -->
