<?xml version="1.0" encoding="UTF-8"?>
<testsuite xmlns:xsi="http://www.w3.org/2001/XMLSchema-instance" xsi:noNamespaceSchemaLocation="https://maven.apache.org/surefire/maven-surefire-plugin/xsd/surefire-test-report.xsd" name="TestSuite" time="122.314" tests="5" errors="0" skipped="0" failures="3">
  <properties>
[...]
</properties>
  <testcase name="runScenario" classname="runner.TestRunner" time="30.45"/>
  <testcase name="runScenario" classname="runner.TestRunner" time="21.329">
    <failure message="The difference in temperature is 3.8000000000000007 which is higher than permissible limit mentioned 1 temperature from accuWeather is 21.0temperature from API is 24.8" type="Exception.differenceException">Exception.differenceException: The difference in temperature is 3.8000000000000007 which is higher than permissible limit mentioned 1 temperature from accuWeather is 21.0temperature from API is 24.8
</failure>
    <system-out><![CDATA[INFO [logs]: Browser launched and Navigation to https://www.accuweather.com/ Completed

INFO [logs]: Get Request Fired and the response is : {"coord":{"lon":77.6033,"lat":12.9762},"weather":[{"id":501,"main":"Rain","description":"moderate rain","icon":"10n"}],"base":"stations","main":{"temp":24.8,"feels_like":25.24,"temp_min":21.9,"temp_max":24.8,"pressure":1017,"humidity":73},"visibility":6000,"wind":{"speed":2.06,"deg":120},"rain":{"1h":2.19},"clouds":{"all":40},"dt":1635087550,"sys":{"type":1,"id":9205,"country":"IN","sunrise":1635036069,"sunset":1635078369},"timezone":19800,"id":1277333,"name":"Bengaluru","cod":200}

24.8
21.0
]]></system-out>
    <system-err><![CDATA[Starting ChromeDriver 95.0.4638.17 (a9d0719444d4b035e284ed1fce73bf6ccd789df2-refs/branch-heads/4638@{#178}) on port 62814
Only local connections are allowed.
Please see https://chromedriver.chromium.org/security-considerations for suggestions on keeping ChromeDriver safe.
ChromeDriver was started successfully.
Oct 24, 2021 8:33:36 PM org.openqa.selenium.remote.ProtocolHandshake createSession
INFO: Detected dialect: W3C
Oct 24, 2021 8:33:36 PM org.openqa.selenium.devtools.CdpVersionFinder findNearestMatch
INFO: Found exact CDP implementation for version 95
]]></system-err>
  </testcase>
  <testcase name="runScenario" classname="runner.TestRunner" time="21.197">
    <failure message="The difference in temperature is 1.0500000000000007 which is higher than permissible limit mentioned 1 temperature from accuWeather is 20.0temperature from API is 21.05" type="Exception.differenceException">Exception.differenceException: The difference in temperature is 1.0500000000000007 which is higher than permissible limit mentioned 1 temperature from accuWeather is 20.0temperature from API is 21.05
</failure>
    <system-out><![CDATA[INFO [logs]: Browser launched and Navigation to https://www.accuweather.com/ Completed

INFO [logs]: Get Request Fired and the response is : {"coord":{"lon":77.2167,"lat":28.6667},"weather":[{"id":804,"main":"Clouds","description":"overcast clouds","icon":"04n"}],"base":"stations","main":{"temp":21.05,"feels_like":21.38,"temp_min":21.05,"temp_max":21.05,"pressure":1016,"humidity":83},"visibility":2200,"wind":{"speed":3.6,"deg":70},"clouds":{"all":90},"dt":1635087405,"sys":{"type":1,"id":9165,"country":"IN","sunrise":1635037045,"sunset":1635077579},"timezone":19800,"id":1273294,"name":"Delhi","cod":200}

21.05
20.0
]]></system-out>
    <system-err><![CDATA[Starting ChromeDriver 95.0.4638.17 (a9d0719444d4b035e284ed1fce73bf6ccd789df2-refs/branch-heads/4638@{#178}) on port 65083
Only local connections are allowed.
Please see https://chromedriver.chromium.org/security-considerations for suggestions on keeping ChromeDriver safe.
ChromeDriver was started successfully.
Oct 24, 2021 8:33:58 PM org.openqa.selenium.remote.ProtocolHandshake createSession
INFO: Detected dialect: W3C
Oct 24, 2021 8:33:58 PM org.openqa.selenium.devtools.CdpVersionFinder findNearestMatch
INFO: Found exact CDP implementation for version 95
]]></system-err>
  </testcase>
  <testcase name="runScenario" classname="runner.TestRunner" time="24.113">
    <failure message="The difference in temperature is 1.6499999999999986 which is higher than permissible limit mentioned 1 temperature from accuWeather is 24.0temperature from API is 22.35" type="Exception.differenceException">Exception.differenceException: The difference in temperature is 1.6499999999999986 which is higher than permissible limit mentioned 1 temperature from accuWeather is 24.0temperature from API is 22.35
</failure>
    <system-out><![CDATA[INFO [logs]: Browser launched and Navigation to https://www.accuweather.com/ Completed

INFO [logs]: Get Request Fired and the response is : {"coord":{"lon":73.8553,"lat":18.5196},"weather":[{"id":803,"main":"Clouds","description":"broken clouds","icon":"04n"}],"base":"stations","main":{"temp":22.35,"feels_like":22.6,"temp_min":22.35,"temp_max":22.35,"pressure":1015,"humidity":75,"sea_level":1015,"grnd_level":953},"visibility":10000,"wind":{"speed":2.6,"deg":282,"gust":3.54},"clouds":{"all":72},"dt":1635087712,"sys":{"country":"IN","sunrise":1635037262,"sunset":1635078975},"timezone":19800,"id":1259229,"name":"Pune","cod":200}

22.35
24.0
]]></system-out>
    <system-err><![CDATA[Starting ChromeDriver 95.0.4638.17 (a9d0719444d4b035e284ed1fce73bf6ccd789df2-refs/branch-heads/4638@{#178}) on port 65466
Only local connections are allowed.
Please see https://chromedriver.chromium.org/security-considerations for suggestions on keeping ChromeDriver safe.
ChromeDriver was started successfully.
Oct 24, 2021 8:34:19 PM org.openqa.selenium.remote.ProtocolHandshake createSession
INFO: Detected dialect: W3C
Oct 24, 2021 8:34:19 PM org.openqa.selenium.devtools.CdpVersionFinder findNearestMatch
INFO: Found exact CDP implementation for version 95
]]></system-err>
  </testcase>
  <testcase name="runScenario" classname="runner.TestRunner" time="22.675"/>
</testsuite>