<?xml version="1.0" encoding="UTF-8"?>
<!-- Generated by org.testng.reporters.JUnitReportReporter -->
<testsuite skipped="0" hostname="MAVLT1082" name="runner.TestRunner" tests="5" failures="0" timestamp="2021-10-24T20:59:58 IST" time="112.877" errors="1">
  <testcase name="runScenario" time="21.130" classname="runner.TestRunner"/>
  <system-out/>
  <testcase name="runScenario" time="20.840" classname="runner.TestRunner"/>
  <system-out/>
  <testcase name="runScenario" time="19.179" classname="runner.TestRunner"/>
  <system-out/>
  <testcase name="runScenario" time="21.997" classname="runner.TestRunner">
    <error type="Exception.differenceException" message="The difference in temperature is 1.3500000000000014 which is higher than permissible limit mentioned 1 temperature from accuWeather is 21.0temperature from API is 22.35">
      <![CDATA[Exception.differenceException: The difference in temperature is 1.3500000000000014 which is higher than permissible limit mentioned 1 temperature from accuWeather is 21.0temperature from API is 22.35
at steps.accuWeatherTest.checkDifference(accuWeatherTest.java:66)
at ✽.check if the difference in temperature is less than "1"(file:///Users/arunganesha/testvagrant/src/test/java/features/accuWeatherTest.feature:8)
]]>
    </error>
  </testcase> <!-- runScenario -->
  <system-out/>
  <testcase name="runScenario" time="29.731" classname="runner.TestRunner"/>
  <system-out/>
</testsuite> <!-- runner.TestRunner -->
